# JRE version: OpenJDK Runtime Environment (21.0.8) (build 21.0.8+-14196175-b1038.72)
# Java VM: OpenJDK 64-Bit Server VM (21.0.8+-14196175-b1038.72, mixed mode, tiered, compressed oops, compressed class ptrs, g1 gc, windows-amd64)
GC Precious Log:
 CardTable entry size: 512
 Card Set container configuration: InlinePtr #cards 4 size 8 Array Of Cards #cards 16 size 48 Howl #buckets 8 coarsen threshold 3686 Howl Bitmap #cards 512 size 80 coarsen threshold 460 Card regions per heap region 1 cards per card region 4096
 CPUs: 12 total, 12 available
 Memory: 16095M
 Large Page Support: Disabled
 NUMA Support: Disabled
 Compressed Oops: Enabled (Zero based)
 Heap Region Size: 2M
 Heap Min Capacity: 8M
 Heap Initial Capacity: 252M
 Heap Max Capacity: 4024M
 Pre-touch: Disabled
 Parallel Workers: 10
 Concurrent Workers: 3
 Concurrent Refinement Workers: 10
 Periodic GC: Disabled
Heap:
 garbage-first heap   total 61440K, used 26694K [0x0000000704800000, 0x0000000800000000)
  region size 2048K, 7 young (14336K), 1 survivors (2048K)
 Metaspace       used 29669K, committed 30080K, reserved 1114112K
  class space    used 3584K, committed 3776K, reserved 1048576K
GC Heap History (14 events):
Event: 1.615 GC heap before
{Heap before GC invocations=0 (full 0):
 garbage-first heap   total 258048K, used 20480K [0x0000000704800000, 0x0000000800000000)
  region size 2048K, 11 young (22528K), 0 survivors (0K)
 Metaspace       used 11095K, committed 11328K, reserved 1114112K
  class space    used 1092K, committed 1216K, reserved 1048576K
}
Event: 1.627 GC heap after
{Heap after GC invocations=1 (full 0):
 garbage-first heap   total 258048K, used 11032K [0x0000000704800000, 0x0000000800000000)
  region size 2048K, 2 young (4096K), 2 survivors (4096K)
 Metaspace       used 11095K, committed 11328K, reserved 1114112K
  class space    used 1092K, committed 1216K, reserved 1048576K
}
Event: 2.766 GC heap before
{Heap before GC invocations=1 (full 0):
 garbage-first heap   total 258048K, used 29464K [0x0000000704800000, 0x0000000800000000)
  region size 2048K, 11 young (22528K), 2 survivors (4096K)
 Metaspace       used 16264K, committed 16512K, reserved 1114112K
  class space    used 1905K, committed 2048K, reserved 1048576K
}
Event: 2.775 GC heap after
{Heap after GC invocations=2 (full 0):
 garbage-first heap   total 258048K, used 12734K [0x0000000704800000, 0x0000000800000000)
  region size 2048K, 1 young (2048K), 1 survivors (2048K)
 Metaspace       used 16264K, committed 16512K, reserved 1114112K
  class space    used 1905K, committed 2048K, reserved 1048576K
}
Event: 5.415 GC heap before
{Heap before GC invocations=2 (full 0):
 garbage-first heap   total 258048K, used 22974K [0x0000000704800000, 0x0000000800000000)
  region size 2048K, 8 young (16384K), 1 survivors (2048K)
 Metaspace       used 21227K, committed 21504K, reserved 1114112K
  class space    used 2508K, committed 2624K, reserved 1048576K
}
Event: 5.430 GC heap after
{Heap after GC invocations=3 (full 0):
 garbage-first heap   total 258048K, used 14769K [0x0000000704800000, 0x0000000800000000)
  region size 2048K, 2 young (4096K), 2 survivors (4096K)
 Metaspace       used 21227K, committed 21504K, reserved 1114112K
  class space    used 2508K, committed 2624K, reserved 1048576K
}
Event: 29.954 GC heap before
{Heap before GC invocations=4 (full 0):
 garbage-first heap   total 55296K, used 53681K [0x0000000704800000, 0x0000000800000000)
  region size 2048K, 21 young (43008K), 2 survivors (4096K)
 Metaspace       used 28595K, committed 28928K, reserved 1114112K
  class space    used 3555K, committed 3712K, reserved 1048576K
}
Event: 29.962 GC heap after
{Heap after GC invocations=5 (full 0):
 garbage-first heap   total 61440K, used 16960K [0x0000000704800000, 0x0000000800000000)
  region size 2048K, 3 young (6144K), 3 survivors (6144K)
 Metaspace       used 28595K, committed 28928K, reserved 1114112K
  class space    used 3555K, committed 3712K, reserved 1048576K
}
Event: 52.750 GC heap before
{Heap before GC invocations=5 (full 0):
 garbage-first heap   total 61440K, used 41536K [0x0000000704800000, 0x0000000800000000)
  region size 2048K, 15 young (30720K), 3 survivors (6144K)
 Metaspace       used 29156K, committed 29504K, reserved 1114112K
  class space    used 3579K, committed 3776K, reserved 1048576K
}
Event: 52.757 GC heap after
{Heap after GC invocations=6 (full 0):
 garbage-first heap   total 61440K, used 16753K [0x0000000704800000, 0x0000000800000000)
  region size 2048K, 2 young (4096K), 2 survivors (4096K)
 Metaspace       used 29156K, committed 29504K, reserved 1114112K
  class space    used 3579K, committed 3776K, reserved 1048576K
}
Event: 89.360 GC heap before
{Heap before GC invocations=6 (full 0):
 garbage-first heap   total 61440K, used 41329K [0x0000000704800000, 0x0000000800000000)
  region size 2048K, 15 young (30720K), 2 survivors (4096K)
 Metaspace       used 29325K, committed 29760K, reserved 1114112K
  class space    used 3581K, committed 3776K, reserved 1048576K
}
Event: 89.364 GC heap after
{Heap after GC invocations=7 (full 0):
 garbage-first heap   total 61440K, used 16521K [0x0000000704800000, 0x0000000800000000)
  region size 2048K, 1 young (2048K), 1 survivors (2048K)
 Metaspace       used 29325K, committed 29760K, reserved 1114112K
  class space    used 3581K, committed 3776K, reserved 1048576K
}
Event: 133.533 GC heap before
{Heap before GC invocations=7 (full 0):
 garbage-first heap   total 61440K, used 47241K [0x0000000704800000, 0x0000000800000000)
  region size 2048K, 16 young (32768K), 1 survivors (2048K)
 Metaspace       used 29655K, committed 30080K, reserved 1114112K
  class space    used 3584K, committed 3776K, reserved 1048576K
}
Event: 133.537 GC heap after
{Heap after GC invocations=8 (full 0):
 garbage-first heap   total 61440K, used 16454K [0x0000000704800000, 0x0000000800000000)
  region size 2048K, 1 young (2048K), 1 survivors (2048K)
 Metaspace       used 29655K, committed 30080K, reserved 1114112K
  class space    used 3584K, committed 3776K, reserved 1048576K
}

