# JRE version: OpenJDK Runtime Environment (21.0.8) (build 21.0.8+-14196175-b1038.72)
# Java VM: OpenJDK 64-Bit Server VM (21.0.8+-14196175-b1038.72, mixed mode, tiered, compressed oops, compressed class ptrs, g1 gc, windows-amd64)
GC Precious Log:
 CardTable entry size: 512
 Card Set container configuration: InlinePtr #cards 4 size 8 Array Of Cards #cards 16 size 48 Howl #buckets 8 coarsen threshold 3686 Howl Bitmap #cards 512 size 80 coarsen threshold 460 Card regions per heap region 1 cards per card region 4096
 CPUs: 12 total, 12 available
 Memory: 16095M
 Large Page Support: Disabled
 NUMA Support: Disabled
 Compressed Oops: Enabled (Zero based)
 Heap Region Size: 2M
 Heap Min Capacity: 8M
 Heap Initial Capacity: 252M
 Heap Max Capacity: 4024M
 Pre-touch: Disabled
 Parallel Workers: 10
 Concurrent Workers: 3
 Concurrent Refinement Workers: 10
 Periodic GC: Disabled
Heap:
 garbage-first heap   total 55296K, used 20824K [0x0000000704800000, 0x0000000800000000)
  region size 2048K, 4 young (8192K), 1 survivors (2048K)
 Metaspace       used 29268K, committed 29632K, reserved 1114112K
  class space    used 3577K, committed 3776K, reserved 1048576K
GC Heap History (12 events):
Event: 1.018 GC heap before
{Heap before GC invocations=0 (full 0):
 garbage-first heap   total 258048K, used 20480K [0x0000000704800000, 0x0000000800000000)
  region size 2048K, 11 young (22528K), 0 survivors (0K)
 Metaspace       used 11083K, committed 11264K, reserved 1114112K
  class space    used 1092K, committed 1216K, reserved 1048576K
}
Event: 1.026 GC heap after
{Heap after GC invocations=1 (full 0):
 garbage-first heap   total 258048K, used 10741K [0x0000000704800000, 0x0000000800000000)
  region size 2048K, 2 young (4096K), 2 survivors (4096K)
 Metaspace       used 11083K, committed 11264K, reserved 1114112K
  class space    used 1092K, committed 1216K, reserved 1048576K
}
Event: 1.576 GC heap before
{Heap before GC invocations=1 (full 0):
 garbage-first heap   total 258048K, used 29173K [0x0000000704800000, 0x0000000800000000)
  region size 2048K, 11 young (22528K), 2 survivors (4096K)
 Metaspace       used 16074K, committed 16384K, reserved 1114112K
  class space    used 1886K, committed 2048K, reserved 1048576K
}
Event: 1.581 GC heap after
{Heap after GC invocations=2 (full 0):
 garbage-first heap   total 258048K, used 12979K [0x0000000704800000, 0x0000000800000000)
  region size 2048K, 1 young (2048K), 1 survivors (2048K)
 Metaspace       used 16074K, committed 16384K, reserved 1114112K
  class space    used 1886K, committed 2048K, reserved 1048576K
}
Event: 2.042 GC heap before
{Heap before GC invocations=2 (full 0):
 garbage-first heap   total 258048K, used 23219K [0x0000000704800000, 0x0000000800000000)
  region size 2048K, 8 young (16384K), 1 survivors (2048K)
 Metaspace       used 21226K, committed 21504K, reserved 1114112K
  class space    used 2514K, committed 2624K, reserved 1048576K
}
Event: 2.045 GC heap after
{Heap after GC invocations=3 (full 0):
 garbage-first heap   total 258048K, used 15022K [0x0000000704800000, 0x0000000800000000)
  region size 2048K, 2 young (4096K), 2 survivors (4096K)
 Metaspace       used 21226K, committed 21504K, reserved 1114112K
  class space    used 2514K, committed 2624K, reserved 1048576K
}
Event: 14.388 GC heap before
{Heap before GC invocations=4 (full 0):
 garbage-first heap   total 55296K, used 43694K [0x0000000704800000, 0x0000000800000000)
  region size 2048K, 16 young (32768K), 2 survivors (4096K)
 Metaspace       used 26866K, committed 27264K, reserved 1114112K
  class space    used 3280K, committed 3456K, reserved 1048576K
}
Event: 14.402 GC heap after
{Heap after GC invocations=5 (full 0):
 garbage-first heap   total 55296K, used 16732K [0x0000000704800000, 0x0000000800000000)
  region size 2048K, 2 young (4096K), 2 survivors (4096K)
 Metaspace       used 26866K, committed 27264K, reserved 1114112K
  class space    used 3280K, committed 3456K, reserved 1048576K
}
Event: 30.748 GC heap before
{Heap before GC invocations=5 (full 0):
 garbage-first heap   total 55296K, used 35164K [0x0000000704800000, 0x0000000800000000)
  region size 2048K, 12 young (24576K), 2 survivors (4096K)
 Metaspace       used 28933K, committed 29312K, reserved 1114112K
  class space    used 3575K, committed 3776K, reserved 1048576K
}
Event: 30.754 GC heap after
{Heap after GC invocations=6 (full 0):
 garbage-first heap   total 55296K, used 16821K [0x0000000704800000, 0x0000000800000000)
  region size 2048K, 2 young (4096K), 2 survivors (4096K)
 Metaspace       used 28933K, committed 29312K, reserved 1114112K
  class space    used 3575K, committed 3776K, reserved 1048576K
}
Event: 45.792 GC heap before
{Heap before GC invocations=6 (full 0):
 garbage-first heap   total 55296K, used 37301K [0x0000000704800000, 0x0000000800000000)
  region size 2048K, 12 young (24576K), 2 survivors (4096K)
 Metaspace       used 29164K, committed 29504K, reserved 1114112K
  class space    used 3576K, committed 3776K, reserved 1048576K
}
Event: 45.795 GC heap after
{Heap after GC invocations=7 (full 0):
 garbage-first heap   total 55296K, used 16728K [0x0000000704800000, 0x0000000800000000)
  region size 2048K, 1 young (2048K), 1 survivors (2048K)
 Metaspace       used 29164K, committed 29504K, reserved 1114112K
  class space    used 3576K, committed 3776K, reserved 1048576K
}

